<?xml version="1.0" encoding="UTF-8"?>
<!-- Generated by org.testng.reporters.JUnitXMLReporter -->
<testsuite ignored="0" hostname="Khoa" failures="0" tests="14" name="Surefire test" time="0.051" errors="0" timestamp="2023-03-06T13:28:17 ICT">
  <testcase classname="com.khoanda.fraction.test.maven.FractionCalculatorTest" name="testAddition" time="0.009"/>
  <testcase classname="com.khoanda.fraction.test.maven.FractionCalculatorTest" name="testAddition" time="0.0"/>
  <testcase classname="com.khoanda.fraction.test.maven.FractionCalculatorTest" name="testAddition" time="0.0"/>
  <testcase classname="com.khoanda.fraction.test.maven.FractionCalculatorTest" name="testDivInvalidFractions" time="0.0"/>
  <testcase classname="com.khoanda.fraction.test.maven.FractionCalculatorTest" name="testDivInvalidFractions" time="0.0"/>
  <testcase classname="com.khoanda.fraction.test.maven.FractionCalculatorTest" name="testDivision" time="0.001"/>
  <testcase classname="com.khoanda.fraction.test.maven.FractionCalculatorTest" name="testDivision" time="0.0"/>
  <testcase classname="com.khoanda.fraction.test.maven.FractionCalculatorTest" name="testDivision" time="0.0"/>
  <testcase classname="com.khoanda.fraction.test.maven.FractionCalculatorTest" name="testMultiplication" time="0.0"/>
  <testcase classname="com.khoanda.fraction.test.maven.FractionCalculatorTest" name="testMultiplication" time="0.001"/>
  <testcase classname="com.khoanda.fraction.test.maven.FractionCalculatorTest" name="testMultiplication" time="0.0"/>
  <testcase classname="com.khoanda.fraction.test.maven.FractionCalculatorTest" name="testSubtraction" time="0.001"/>
  <testcase classname="com.khoanda.fraction.test.maven.FractionCalculatorTest" name="testSubtraction" time="0.0"/>
  <testcase classname="com.khoanda.fraction.test.maven.FractionCalculatorTest" name="testSubtraction" time="0.001"/>
</testsuite> <!-- Surefire test -->
