<?xml version="1.0" encoding="UTF-8"?>
<testsuite xmlns:xsi="http://www.w3.org/2001/XMLSchema-instance" xsi:noNamespaceSchemaLocation="https://maven.apache.org/surefire/maven-surefire-plugin/xsd/surefire-test-report-3.0.xsd" version="3.0" name="com.khoanda.fraction.test.maven.FractionCalculatorTest" time="0.403" tests="14" errors="0" skipped="0" failures="0">
  <properties>
[...]
</properties>
  <testcase name="testAddition[com.khoanda.fractions.calculate.maven.Fraction@61df66b6, com.khoanda.fractions.calculate.maven.Fraction@50eac852, 5/6](1)" classname="com.khoanda.fraction.test.maven.FractionCalculatorTest" time="0.009">
    <system-err><![CDATA[SLF4J: Failed to load class "org.slf4j.impl.StaticLoggerBinder".
SLF4J: Defaulting to no-operation (NOP) logger implementation
SLF4J: See http://www.slf4j.org/codes.html#StaticLoggerBinder for further details.
]]></system-err>
  </testcase>
  <testcase name="testAddition[com.khoanda.fractions.calculate.maven.Fraction@384ad17b, com.khoanda.fractions.calculate.maven.Fraction@61862a7f, 23/20](2)" classname="com.khoanda.fraction.test.maven.FractionCalculatorTest" time="0"/>
  <testcase name="testAddition[com.khoanda.fractions.calculate.maven.Fraction@7334aada, com.khoanda.fractions.calculate.maven.Fraction@1d9b7cce, 1/2](3)" classname="com.khoanda.fraction.test.maven.FractionCalculatorTest" time="0"/>
  <testcase name="testDivInvalidFractions[com.khoanda.fractions.calculate.maven.Fraction@42e99e4a, com.khoanda.fractions.calculate.maven.Fraction@14dd9eb7](1)" classname="com.khoanda.fraction.test.maven.FractionCalculatorTest" time="0.001"/>
  <testcase name="testDivInvalidFractions[com.khoanda.fractions.calculate.maven.Fraction@62150f9e, com.khoanda.fractions.calculate.maven.Fraction@1a451d4d](2)" classname="com.khoanda.fraction.test.maven.FractionCalculatorTest" time="0.001"/>
  <testcase name="testDivision[com.khoanda.fractions.calculate.maven.Fraction@15ff3e9e, com.khoanda.fractions.calculate.maven.Fraction@5fdcaa40, 3/2](1)" classname="com.khoanda.fraction.test.maven.FractionCalculatorTest" time="0"/>
  <testcase name="testDivision[com.khoanda.fractions.calculate.maven.Fraction@5e0826e7, com.khoanda.fractions.calculate.maven.Fraction@32eff876, 15/8](2)" classname="com.khoanda.fraction.test.maven.FractionCalculatorTest" time="0.001"/>
  <testcase name="testDivision[com.khoanda.fractions.calculate.maven.Fraction@6e20b53a, com.khoanda.fractions.calculate.maven.Fraction@71809907, 0/1](3)" classname="com.khoanda.fraction.test.maven.FractionCalculatorTest" time="0"/>
  <testcase name="testMultiplication[com.khoanda.fractions.calculate.maven.Fraction@6aba2b86, com.khoanda.fractions.calculate.maven.Fraction@158da8e, 1/6](1)" classname="com.khoanda.fraction.test.maven.FractionCalculatorTest" time="0"/>
  <testcase name="testMultiplication[com.khoanda.fractions.calculate.maven.Fraction@47af7f3d, com.khoanda.fractions.calculate.maven.Fraction@7c729a55, 3/10](2)" classname="com.khoanda.fraction.test.maven.FractionCalculatorTest" time="0"/>
  <testcase name="testMultiplication[com.khoanda.fractions.calculate.maven.Fraction@661972b0, com.khoanda.fractions.calculate.maven.Fraction@5af3afd9, 0/1](3)" classname="com.khoanda.fraction.test.maven.FractionCalculatorTest" time="0.001"/>
  <testcase name="testSubtraction[com.khoanda.fractions.calculate.maven.Fraction@44ebcd03, com.khoanda.fractions.calculate.maven.Fraction@694abbdc, 1/6](1)" classname="com.khoanda.fraction.test.maven.FractionCalculatorTest" time="0"/>
  <testcase name="testSubtraction[com.khoanda.fractions.calculate.maven.Fraction@4567f35d, com.khoanda.fractions.calculate.maven.Fraction@5ffead27, 7/20](2)" classname="com.khoanda.fraction.test.maven.FractionCalculatorTest" time="0"/>
  <testcase name="testSubtraction[com.khoanda.fractions.calculate.maven.Fraction@4f18837a, com.khoanda.fractions.calculate.maven.Fraction@359f7cdf, -1/2](3)" classname="com.khoanda.fraction.test.maven.FractionCalculatorTest" time="0"/>
</testsuite>